# JRE version: OpenJDK Runtime Environment (17.0.9) (build 17.0.9+0--11185874)
# Java VM: OpenJDK 64-Bit Server VM (17.0.9+0--11185874, mixed mode, tiered, compressed oops, compressed class ptrs, g1 gc, windows-amd64)
GC Precious Log:
 CPUs: 8 total, 8 available
 Memory: 8099M
 Large Page Support: Disabled
 NUMA Support: Disabled
 Compressed Oops: Enabled (Zero based)
 Heap Region Size: 2M
 Heap Min Capacity: 8M
 Heap Initial Capacity: 128M
 Heap Max Capacity: 4G
 Pre-touch: Disabled
 Parallel Workers: 8
 Concurrent Workers: 2
 Concurrent Refinement Workers: 8
 Periodic GC: Disabled
Heap:
 garbage-first heap   total 305152K, used 180367K [0x0000000700000000, 0x0000000800000000)
  region size 2048K, 1 young (2048K), 1 survivors (2048K)
 Metaspace       used 104377K, committed 105536K, reserved 1179648K
  class space    used 14529K, committed 14976K, reserved 1048576K
GC Heap History (20 events):
Event: 36.175 GC heap after
{Heap after GC invocations=55 (full 0):
 garbage-first heap   total 194560K, used 106059K [0x0000000700000000, 0x0000000800000000)
  region size 2048K, 3 young (6144K), 3 survivors (6144K)
 Metaspace       used 86973K, committed 87680K, reserved 1179648K
  class space    used 11857K, committed 12160K, reserved 1048576K
}
Event: 38.061 GC heap before
{Heap before GC invocations=55 (full 0):
 garbage-first heap   total 194560K, used 153163K [0x0000000700000000, 0x0000000800000000)
  region size 2048K, 26 young (53248K), 3 survivors (6144K)
 Metaspace       used 90173K, committed 90880K, reserved 1179648K
  class space    used 12409K, committed 12736K, reserved 1048576K
}
Event: 38.071 GC heap after
{Heap after GC invocations=56 (full 0):
 garbage-first heap   total 233472K, used 107413K [0x0000000700000000, 0x0000000800000000)
  region size 2048K, 2 young (4096K), 2 survivors (4096K)
 Metaspace       used 90173K, committed 90880K, reserved 1179648K
  class space    used 12409K, committed 12736K, reserved 1048576K
}
Event: 40.392 GC heap before
{Heap before GC invocations=57 (full 0):
 garbage-first heap   total 233472K, used 183189K [0x0000000700000000, 0x0000000800000000)
  region size 2048K, 39 young (79872K), 2 survivors (4096K)
 Metaspace       used 94411K, committed 95232K, reserved 1179648K
  class space    used 13093K, committed 13440K, reserved 1048576K
}
Event: 40.407 GC heap after
{Heap after GC invocations=58 (full 0):
 garbage-first heap   total 233472K, used 112038K [0x0000000700000000, 0x0000000800000000)
  region size 2048K, 5 young (10240K), 5 survivors (10240K)
 Metaspace       used 94411K, committed 95232K, reserved 1179648K
  class space    used 13093K, committed 13440K, reserved 1048576K
}
Event: 42.599 GC heap before
{Heap before GC invocations=58 (full 0):
 garbage-first heap   total 233472K, used 179622K [0x0000000700000000, 0x0000000800000000)
  region size 2048K, 40 young (81920K), 5 survivors (10240K)
 Metaspace       used 96402K, committed 97152K, reserved 1179648K
  class space    used 13369K, committed 13696K, reserved 1048576K
}
Event: 42.616 GC heap after
{Heap after GC invocations=59 (full 0):
 garbage-first heap   total 233472K, used 122981K [0x0000000700000000, 0x0000000800000000)
  region size 2048K, 6 young (12288K), 6 survivors (12288K)
 Metaspace       used 96402K, committed 97152K, reserved 1179648K
  class space    used 13369K, committed 13696K, reserved 1048576K
}
Event: 44.502 GC heap before
{Heap before GC invocations=60 (full 0):
 garbage-first heap   total 233472K, used 186469K [0x0000000700000000, 0x0000000800000000)
  region size 2048K, 36 young (73728K), 6 survivors (12288K)
 Metaspace       used 97711K, committed 98624K, reserved 1179648K
  class space    used 13591K, committed 13952K, reserved 1048576K
}
Event: 44.525 GC heap after
{Heap after GC invocations=61 (full 0):
 garbage-first heap   total 233472K, used 144155K [0x0000000700000000, 0x0000000800000000)
  region size 2048K, 5 young (10240K), 5 survivors (10240K)
 Metaspace       used 97711K, committed 98624K, reserved 1179648K
  class space    used 13591K, committed 13952K, reserved 1048576K
}
Event: 45.765 GC heap before
{Heap before GC invocations=61 (full 0):
 garbage-first heap   total 233472K, used 185115K [0x0000000700000000, 0x0000000800000000)
  region size 2048K, 25 young (51200K), 5 survivors (10240K)
 Metaspace       used 98249K, committed 99136K, reserved 1179648K
  class space    used 13663K, committed 14016K, reserved 1048576K
}
Event: 45.777 GC heap after
{Heap after GC invocations=62 (full 0):
 garbage-first heap   total 233472K, used 156254K [0x0000000700000000, 0x0000000800000000)
  region size 2048K, 4 young (8192K), 4 survivors (8192K)
 Metaspace       used 98249K, committed 99136K, reserved 1179648K
  class space    used 13663K, committed 14016K, reserved 1048576K
}
Event: 46.645 GC heap before
{Heap before GC invocations=63 (full 0):
 garbage-first heap   total 276480K, used 186974K [0x0000000700000000, 0x0000000800000000)
  region size 2048K, 17 young (34816K), 4 survivors (8192K)
 Metaspace       used 98503K, committed 99456K, reserved 1179648K
  class space    used 13692K, committed 14080K, reserved 1048576K
}
Event: 46.658 GC heap after
{Heap after GC invocations=64 (full 0):
 garbage-first heap   total 276480K, used 168007K [0x0000000700000000, 0x0000000800000000)
  region size 2048K, 3 young (6144K), 3 survivors (6144K)
 Metaspace       used 98503K, committed 99456K, reserved 1179648K
  class space    used 13692K, committed 14080K, reserved 1048576K
}
Event: 46.757 GC heap before
{Heap before GC invocations=64 (full 0):
 garbage-first heap   total 276480K, used 172103K [0x0000000700000000, 0x0000000800000000)
  region size 2048K, 6 young (12288K), 3 survivors (6144K)
 Metaspace       used 98597K, committed 99584K, reserved 1179648K
  class space    used 13706K, committed 14144K, reserved 1048576K
}
Event: 46.766 GC heap after
{Heap after GC invocations=65 (full 0):
 garbage-first heap   total 276480K, used 168178K [0x0000000700000000, 0x0000000800000000)
  region size 2048K, 1 young (2048K), 1 survivors (2048K)
 Metaspace       used 98597K, committed 99584K, reserved 1179648K
  class space    used 13706K, committed 14144K, reserved 1048576K
}
Event: 48.958 GC heap before
{Heap before GC invocations=65 (full 0):
 garbage-first heap   total 276480K, used 219378K [0x0000000700000000, 0x0000000800000000)
  region size 2048K, 26 young (53248K), 1 survivors (2048K)
 Metaspace       used 99363K, committed 100352K, reserved 1179648K
  class space    used 13798K, committed 14208K, reserved 1048576K
}
Event: 48.975 GC heap after
{Heap after GC invocations=66 (full 0):
 garbage-first heap   total 276480K, used 176861K [0x0000000700000000, 0x0000000800000000)
  region size 2048K, 4 young (8192K), 4 survivors (8192K)
 Metaspace       used 99363K, committed 100352K, reserved 1179648K
  class space    used 13798K, committed 14208K, reserved 1048576K
}
Event: 51.091 GC heap before
{Heap before GC invocations=67 (full 0):
 garbage-first heap   total 305152K, used 219869K [0x0000000700000000, 0x0000000800000000)
  region size 2048K, 25 young (51200K), 4 survivors (8192K)
 Metaspace       used 102629K, committed 103744K, reserved 1179648K
  class space    used 14324K, committed 14784K, reserved 1048576K
}
Event: 51.323 GC heap after
{Heap after GC invocations=68 (full 0):
 garbage-first heap   total 305152K, used 180093K [0x0000000700000000, 0x0000000800000000)
  region size 2048K, 2 young (4096K), 2 survivors (4096K)
 Metaspace       used 102629K, committed 103744K, reserved 1179648K
  class space    used 14324K, committed 14784K, reserved 1048576K
}
Event: 51.940 GC heap before
{Heap before GC invocations=68 (full 0):
 garbage-first heap   total 305152K, used 190333K [0x0000000700000000, 0x0000000800000000)
  region size 2048K, 7 young (14336K), 2 survivors (4096K)
 Metaspace       used 104377K, committed 105536K, reserved 1179648K
  class space    used 14529K, committed 14976K, reserved 1048576K
}

