# JRE version: OpenJDK Runtime Environment (17.0.9) (build 17.0.9+0--11185874)
# Java VM: OpenJDK 64-Bit Server VM (17.0.9+0--11185874, mixed mode, tiered, compressed oops, compressed class ptrs, g1 gc, windows-amd64)
GC Precious Log:
 CPUs: 8 total, 8 available
 Memory: 8099M
 Large Page Support: Disabled
 NUMA Support: Disabled
 Compressed Oops: Enabled (Zero based)
 Heap Region Size: 2M
 Heap Min Capacity: 8M
 Heap Initial Capacity: 128M
 Heap Max Capacity: 4G
 Pre-touch: Disabled
 Parallel Workers: 8
 Concurrent Workers: 2
 Concurrent Refinement Workers: 8
 Periodic GC: Disabled
Heap:
 garbage-first heap   total 385024K, used 286720K [0x0000000700000000, 0x0000000800000000)
  region size 2048K, 35 young (71680K), 3 survivors (6144K)
 Metaspace       used 111086K, committed 112640K, reserved 1179648K
  class space    used 15453K, committed 16128K, reserved 1048576K
GC Heap History (20 events):
Event: 31.929 GC heap before
{Heap before GC invocations=52 (full 0):
 garbage-first heap   total 249856K, used 201125K [0x0000000700000000, 0x0000000800000000)
  region size 2048K, 20 young (40960K), 4 survivors (8192K)
 Metaspace       used 99298K, committed 100288K, reserved 1179648K
  class space    used 13801K, committed 14208K, reserved 1048576K
}
Event: 31.941 GC heap after
{Heap after GC invocations=53 (full 0):
 garbage-first heap   total 249856K, used 174261K [0x0000000700000000, 0x0000000800000000)
  region size 2048K, 3 young (6144K), 3 survivors (6144K)
 Metaspace       used 99298K, committed 100288K, reserved 1179648K
  class space    used 13801K, committed 14208K, reserved 1048576K
}
Event: 32.425 GC heap before
{Heap before GC invocations=53 (full 0):
 garbage-first heap   total 249856K, used 202933K [0x0000000700000000, 0x0000000800000000)
  region size 2048K, 17 young (34816K), 3 survivors (6144K)
 Metaspace       used 101480K, committed 102528K, reserved 1179648K
  class space    used 14131K, committed 14592K, reserved 1048576K
}
Event: 32.434 GC heap after
{Heap after GC invocations=54 (full 0):
 garbage-first heap   total 301056K, used 176445K [0x0000000700000000, 0x0000000800000000)
  region size 2048K, 2 young (4096K), 2 survivors (4096K)
 Metaspace       used 101480K, committed 102528K, reserved 1179648K
  class space    used 14131K, committed 14592K, reserved 1048576K
}
Event: 33.511 GC heap before
{Heap before GC invocations=54 (full 0):
 garbage-first heap   total 301056K, used 233789K [0x0000000700000000, 0x0000000800000000)
  region size 2048K, 30 young (61440K), 2 survivors (4096K)
 Metaspace       used 106046K, committed 107200K, reserved 1179648K
  class space    used 14756K, committed 15232K, reserved 1048576K
}
Event: 33.522 GC heap after
{Heap after GC invocations=55 (full 0):
 garbage-first heap   total 301056K, used 181189K [0x0000000700000000, 0x0000000800000000)
  region size 2048K, 4 young (8192K), 4 survivors (8192K)
 Metaspace       used 106046K, committed 107200K, reserved 1179648K
  class space    used 14756K, committed 15232K, reserved 1048576K
}
Event: 34.416 GC heap before
{Heap before GC invocations=55 (full 0):
 garbage-first heap   total 301056K, used 238533K [0x0000000700000000, 0x0000000800000000)
  region size 2048K, 32 young (65536K), 4 survivors (8192K)
 Metaspace       used 107790K, committed 108928K, reserved 1179648K
  class space    used 14996K, committed 15488K, reserved 1048576K
}
Event: 34.432 GC heap after
{Heap after GC invocations=56 (full 0):
 garbage-first heap   total 301056K, used 189216K [0x0000000700000000, 0x0000000800000000)
  region size 2048K, 4 young (8192K), 4 survivors (8192K)
 Metaspace       used 107790K, committed 108928K, reserved 1179648K
  class space    used 14996K, committed 15488K, reserved 1048576K
}
Event: 35.638 GC heap before
{Heap before GC invocations=56 (full 0):
 garbage-first heap   total 301056K, used 242464K [0x0000000700000000, 0x0000000800000000)
  region size 2048K, 31 young (63488K), 4 survivors (8192K)
 Metaspace       used 108344K, committed 109504K, reserved 1179648K
  class space    used 15100K, committed 15616K, reserved 1048576K
}
Event: 35.649 GC heap after
{Heap after GC invocations=57 (full 0):
 garbage-first heap   total 301056K, used 193729K [0x0000000700000000, 0x0000000800000000)
  region size 2048K, 3 young (6144K), 3 survivors (6144K)
 Metaspace       used 108344K, committed 109504K, reserved 1179648K
  class space    used 15100K, committed 15616K, reserved 1048576K
}
Event: 144.339 GC heap before
{Heap before GC invocations=57 (full 0):
 garbage-first heap   total 301056K, used 246977K [0x0000000700000000, 0x0000000800000000)
  region size 2048K, 29 young (59392K), 3 survivors (6144K)
 Metaspace       used 109516K, committed 110720K, reserved 1179648K
  class space    used 15271K, committed 15808K, reserved 1048576K
}
Event: 144.692 GC heap after
{Heap after GC invocations=58 (full 0):
 garbage-first heap   total 301056K, used 196362K [0x0000000700000000, 0x0000000800000000)
  region size 2048K, 4 young (8192K), 4 survivors (8192K)
 Metaspace       used 109516K, committed 110720K, reserved 1179648K
  class space    used 15271K, committed 15808K, reserved 1048576K
}
Event: 149.955 GC heap before
{Heap before GC invocations=58 (full 0):
 garbage-first heap   total 301056K, used 247562K [0x0000000700000000, 0x0000000800000000)
  region size 2048K, 29 young (59392K), 4 survivors (8192K)
 Metaspace       used 109848K, committed 111168K, reserved 1179648K
  class space    used 15298K, committed 15872K, reserved 1048576K
}
Event: 149.986 GC heap after
{Heap after GC invocations=59 (full 0):
 garbage-first heap   total 301056K, used 202355K [0x0000000700000000, 0x0000000800000000)
  region size 2048K, 4 young (8192K), 4 survivors (8192K)
 Metaspace       used 109848K, committed 111168K, reserved 1179648K
  class space    used 15298K, committed 15872K, reserved 1048576K
}
Event: 150.652 GC heap before
{Heap before GC invocations=59 (full 0):
 garbage-first heap   total 301056K, used 247411K [0x0000000700000000, 0x0000000800000000)
  region size 2048K, 27 young (55296K), 4 survivors (8192K)
 Metaspace       used 110037K, committed 111296K, reserved 1179648K
  class space    used 15314K, committed 15872K, reserved 1048576K
}
Event: 150.678 GC heap after
{Heap after GC invocations=60 (full 0):
 garbage-first heap   total 301056K, used 210019K [0x0000000700000000, 0x0000000800000000)
  region size 2048K, 4 young (8192K), 4 survivors (8192K)
 Metaspace       used 110037K, committed 111296K, reserved 1179648K
  class space    used 15314K, committed 15872K, reserved 1048576K
}
Event: 151.195 GC heap before
{Heap before GC invocations=60 (full 0):
 garbage-first heap   total 301056K, used 250979K [0x0000000700000000, 0x0000000800000000)
  region size 2048K, 24 young (49152K), 4 survivors (8192K)
 Metaspace       used 110359K, committed 111680K, reserved 1179648K
  class space    used 15352K, committed 15936K, reserved 1048576K
}
Event: 151.226 GC heap after
{Heap after GC invocations=61 (full 0):
 garbage-first heap   total 301056K, used 218031K [0x0000000700000000, 0x0000000800000000)
  region size 2048K, 3 young (6144K), 3 survivors (6144K)
 Metaspace       used 110359K, committed 111680K, reserved 1179648K
  class space    used 15352K, committed 15936K, reserved 1048576K
}
Event: 151.729 GC heap before
{Heap before GC invocations=61 (full 0):
 garbage-first heap   total 301056K, used 252847K [0x0000000700000000, 0x0000000800000000)
  region size 2048K, 20 young (40960K), 3 survivors (6144K)
 Metaspace       used 110523K, committed 111808K, reserved 1179648K
  class space    used 15370K, committed 15936K, reserved 1048576K
}
Event: 151.765 GC heap after
{Heap after GC invocations=62 (full 0):
 garbage-first heap   total 385024K, used 225280K [0x0000000700000000, 0x0000000800000000)
  region size 2048K, 3 young (6144K), 3 survivors (6144K)
 Metaspace       used 110523K, committed 111808K, reserved 1179648K
  class space    used 15370K, committed 15936K, reserved 1048576K
}

